<?xml version="1.0" encoding="UTF-8"?>
<robot generator="Robot 3.1.2 (Python 3.6.7 on win32)" generated="20190723 17:36:13.598" rpa="false">
<suite id="s1" name="Regular" source="C:\Users\Admin\PycharmProjects\regular\regular.robot">
<test id="s1-t1" name="Test Regular Expression">
<kw name="Validate Input String">
<arguments>
<arg>${MY_VALUE}</arg>
</arguments>
<kw name="Should Match Regexp" library="BuiltIn">
<doc>Fails if ``string`` does not match ``pattern`` as a regular expression.</doc>
<arguments>
<arg>${input}</arg>
<arg>"abcd.*"</arg>
</arguments>
<status status="PASS" starttime="20190723 17:36:13.647" endtime="20190723 17:36:13.647"></status>
</kw>
<status status="PASS" starttime="20190723 17:36:13.643" endtime="20190723 17:36:13.647"></status>
</kw>
<status status="PASS" starttime="20190723 17:36:13.643" endtime="20190723 17:36:13.647" critical="yes"></status>
</test>
<status status="PASS" starttime="20190723 17:36:13.598" endtime="20190723 17:36:13.651"></status>
</suite>
<statistics>
<total>
<stat pass="1" fail="0">Critical Tests</stat>
<stat pass="1" fail="0">All Tests</stat>
</total>
<tag>
</tag>
<suite>
<stat pass="1" fail="0" id="s1" name="Regular">Regular</stat>
</suite>
</statistics>
<errors>
</errors>
</robot>
