<?xml version="1.0" encoding="UTF-8"?>
<robot generator="Robot 3.1.2 (Python 3.6.7 on win32)" generated="20190723 16:03:21.258" rpa="false">
<suite id="s1" name="Amazon-Test" source="C:\Users\Admin\PycharmProjects\Amazon\amazon-test.robot">
<test id="s1-t1" name="Test case to add the product to cart">
<kw name="Open Chrome Browser with Amazon Link" library="OpeningBrowser">
<arguments>
<arg>${BROWSER}</arg>
</arguments>
<kw name="Open Browser" library="SeleniumLibrary">
<doc>Opens a new browser instance to the given ``url``.</doc>
<arguments>
<arg>https://www.amazon.in/</arg>
<arg>${browser}</arg>
</arguments>
<msg timestamp="20190723 16:03:21.539" level="INFO">Opening browser 'Chrome' to base url 'https://www.amazon.in/'.</msg>
<status status="PASS" starttime="20190723 16:03:21.539" endtime="20190723 16:03:34.664"></status>
</kw>
<kw name="Wait Until Page Contains" library="SeleniumLibrary">
<doc>Waits until ``text`` appears on current page.</doc>
<arguments>
<arg>Your Amazon.in</arg>
</arguments>
<status status="PASS" starttime="20190723 16:03:34.665" endtime="20190723 16:03:34.710"></status>
</kw>
<status status="PASS" starttime="20190723 16:03:21.538" endtime="20190723 16:03:34.710"></status>
</kw>
<kw name="Search Text in Chrome Browser" library="OpeningBrowser">
<kw name="Input Text" library="SeleniumLibrary">
<doc>Types the given ``text`` into text field identified by ``locator``.</doc>
<arguments>
<arg>id=twotabsearchtextbox</arg>
<arg>Ferrari 458</arg>
</arguments>
<msg timestamp="20190723 16:03:34.711" level="INFO">Typing text 'Ferrari 458' into text field 'id=twotabsearchtextbox'.</msg>
<status status="PASS" starttime="20190723 16:03:34.711" endtime="20190723 16:03:35.740"></status>
</kw>
<kw name="Click Button" library="SeleniumLibrary">
<doc>Clicks button identified by ``locator``.</doc>
<arguments>
<arg>Xpath=//*[@id="nav-search"]/form/div[2]/div/input</arg>
</arguments>
<msg timestamp="20190723 16:03:35.741" level="INFO">Clicking button 'Xpath=//*[@id="nav-search"]/form/div[2]/div/input'.</msg>
<status status="PASS" starttime="20190723 16:03:35.740" endtime="20190723 16:03:44.955"></status>
</kw>
<kw name="Wait Until Page Contains" library="SeleniumLibrary">
<doc>Waits until ``text`` appears on current page.</doc>
<arguments>
<arg>results for "Ferrari 458"</arg>
</arguments>
<status status="PASS" starttime="20190723 16:03:44.955" endtime="20190723 16:03:44.989"></status>
</kw>
<status status="PASS" starttime="20190723 16:03:34.710" endtime="20190723 16:03:44.989"></status>
</kw>
<kw name="Image Selection" library="OpeningBrowser">
<kw name="Click Image" library="SeleniumLibrary">
<doc>Clicks an image identified by ``locator``.</doc>
<arguments>
<arg>Xpath=//*[@id="search"]/div[1]/div[2]/div/span[3]/div[1]/div[1]/div/div/div/div/div/div[2]/div[1]/div/div/span/a/div/img</arg>
</arguments>
<msg timestamp="20190723 16:03:44.990" level="INFO">Clicking image 'Xpath=//*[@id="search"]/div[1]/div[2]/div/span[3]/div[1]/div[1]/div/div/div/div/div/div[2]/div[1]/div/div/span/a/div/img'.</msg>
<status status="PASS" starttime="20190723 16:03:44.990" endtime="20190723 16:03:48.809"></status>
</kw>
<kw name="Wait Until Page Contains" library="SeleniumLibrary">
<doc>Waits until ``text`` appears on current page.</doc>
<arguments>
<arg>Your Amazon.in</arg>
</arguments>
<status status="PASS" starttime="20190723 16:03:48.810" endtime="20190723 16:03:48.842"></status>
</kw>
<status status="PASS" starttime="20190723 16:03:44.990" endtime="20190723 16:03:48.842"></status>
</kw>
<kw name="Select Window" library="SeleniumLibrary">
<doc>Selects browser window matching ``locator``.</doc>
<arguments>
<arg>New</arg>
</arguments>
<status status="PASS" starttime="20190723 16:03:48.843" endtime="20190723 16:03:48.851"></status>
</kw>
<kw name="Add to Cart enable" library="OpeningBrowser">
<kw name="Click Button" library="SeleniumLibrary">
<doc>Clicks button identified by ``locator``.</doc>
<arguments>
<arg>Xpath=//*[@id="add-to-cart-button"]</arg>
</arguments>
<msg timestamp="20190723 16:03:48.852" level="INFO">Clicking button 'Xpath=//*[@id="add-to-cart-button"]'.</msg>
<status status="PASS" starttime="20190723 16:03:48.852" endtime="20190723 16:03:53.044"></status>
</kw>
<kw name="Wait Until Page Contains" library="SeleniumLibrary">
<doc>Waits until ``text`` appears on current page.</doc>
<arguments>
<arg>Added to Cart</arg>
</arguments>
<status status="PASS" starttime="20190723 16:03:53.045" endtime="20190723 16:03:53.075"></status>
</kw>
<status status="PASS" starttime="20190723 16:03:48.852" endtime="20190723 16:03:53.075"></status>
</kw>
<kw name="Close Browser" library="SeleniumLibrary">
<doc>Closes the current browser.</doc>
<status status="PASS" starttime="20190723 16:03:53.075" endtime="20190723 16:03:55.234"></status>
</kw>
<doc>This is to add the item to cart</doc>
<tags>
<tag>tag3</tag>
</tags>
<status status="PASS" starttime="20190723 16:03:21.537" endtime="20190723 16:03:55.236" critical="yes"></status>
</test>
<doc>"Test browsers"</doc>
<status status="PASS" starttime="20190723 16:03:21.260" endtime="20190723 16:03:55.241"></status>
</suite>
<statistics>
<total>
<stat pass="1" fail="0">Critical Tests</stat>
<stat pass="1" fail="0">All Tests</stat>
</total>
<tag>
<stat pass="1" fail="0">tag3</stat>
</tag>
<suite>
<stat pass="1" fail="0" id="s1" name="Amazon-Test">Amazon-Test</stat>
</suite>
</statistics>
<errors>
</errors>
</robot>
